2025-01-22T01:33:51 | DEBUG: Logger initialized
2025-01-22T01:33:51 | DEBUG: args: -s C:\Users\mixlh\Diploma_Toolset\kill_out_upx_packed\kill_out-upx_9.exe -c C:\Users\mixlh\Diploma_Toolset\Injector-master\Injector\bin\Release\netcoreapp3.1\config.ini dll_path
2025-01-22T01:33:51 | INFO: Reading from config file: C:\Users\mixlh\Diploma_Toolset\Injector-master\Injector\bin\Release\netcoreapp3.1\config.ini
2025-01-22T01:33:51 | DEBUG: Overriding command line args with config values
2025-01-22T01:33:51 | DEBUG: Injector Options:
  pid=
  process=
  start=C:\Users\mixlh\Diploma_Toolset\kill_out_upx_packed\kill_out-upx_9.exe
  process-restarts=False
  win=False
  delay=5000
  wait-for-dlls=
  multi-dll-delay=1000
  timeout=30000
  quiet=False
  verbose=False
  interactive=False
  no-pause-on-error=False
  dlls=dll_path

2025-01-22T01:33:51 | DEBUG: Checking if process has already started
2025-01-22T01:33:51 | DEBUG: Finding processes matching 'kill_out-upx_9'
2025-01-22T01:33:51 | DEBUG: No process found matching the supplied name
2025-01-22T01:33:51 | INFO: Starting C:\Users\mixlh\Diploma_Toolset\kill_out_upx_packed\kill_out-upx_9.exe
2025-01-22T01:33:51 | INFO: Injecting 1 DLL(s) into kill_out-upx_9 (5192)
2025-01-22T01:33:51 | DEBUG: Opening handle to process
2025-01-22T01:33:51 | DEBUG: Retrieving the memory address to LoadLibraryA
2025-01-22T01:33:51 | INFO: Attempting to inject DLL, 1 of 1, detours_hook64.dll...
2025-01-22T01:33:51 | DEBUG: Allocating memory in the process to write the DLL path
2025-01-22T01:33:51 | DEBUG: Writing the DLL path in the process memory
2025-01-22T01:33:51 | DEBUG: Creating remote thread. This is where the magic happens!
2025-01-22T01:33:51 | DEBUG: Waiting for DLL to load...
2025-01-22T01:33:51 | DEBUG: Closing remote thread
2025-01-22T01:33:51 | DEBUG: Freeing memory
2025-01-22T01:33:51 | INFO: Injected!
2025-01-22T01:33:51 | DEBUG: Closing handle to process
